floatingimage/app/build/outputs/logs/manifest-merger-debug-report.txt
-- Merging decision tree log ---
manifest
ADDED from src\main\AndroidManifest.xml:2:1-122:12
	package
		ADDED from src\main\AndroidManifest.xml:3:7-32
		INJECTED from src\main\AndroidManifest.xml
		INJECTED from src\main\AndroidManifest.xml
	android:versionName
		ADDED from src\main\AndroidManifest.xml:4:38-66
		INJECTED from src\main\AndroidManifest.xml
		INJECTED from src\main\AndroidManifest.xml
	android:versionCode
		ADDED from src\main\AndroidManifest.xml:4:67-92
		INJECTED from src\main\AndroidManifest.xml
		INJECTED from src\main\AndroidManifest.xml
	xmlns:android
		ADDED from src\main\AndroidManifest.xml:2:11-69
	android:installLocation
		ADDED from src\main\AndroidManifest.xml:4:7-37
application
ADDED from src\main\AndroidManifest.xml:5:5-102:16
	android:label
		ADDED from src\main\AndroidManifest.xml:5:48-80
	android:hardwareAccelerated
		ADDED from src\main\AndroidManifest.xml:5:81-115
	android:icon
		ADDED from src\main\AndroidManifest.xml:5:18-47
	android:largeHeap
		ADDED from src\main\AndroidManifest.xml:5:116-140
activity#dk.nindroid.rss.ShowStreams
ADDED from src\main\AndroidManifest.xml:6:9-12:14
	android:screenOrientation
		ADDED from src\main\AndroidManifest.xml:6:47-83
	android:name
		ADDED from src\main\AndroidManifest.xml:6:19-46
intent-filter#android.intent.action.MAIN+android.intent.category.DEFAULT+android.intent.category.LAUNCHER
ADDED from src\main\AndroidManifest.xml:7:10-11:20
action#android.intent.action.MAIN
ADDED from src\main\AndroidManifest.xml:8:11-70
	android:name
		ADDED from src\main\AndroidManifest.xml:8:19-60
category#android.intent.category.LAUNCHER
ADDED from src\main\AndroidManifest.xml:9:5-74
	android:name
		ADDED from src\main\AndroidManifest.xml:9:15-62
category#android.intent.category.DEFAULT
ADDED from src\main\AndroidManifest.xml:10:5-64
	android:name
		ADDED from src\main\AndroidManifest.xml:10:15-61
activity#dk.nindroid.rss.menu.Settings
ADDED from src\main\AndroidManifest.xml:14:6-48
	android:name
		ADDED from src\main\AndroidManifest.xml:14:16-45
activity#dk.nindroid.rss.ClearCache
ADDED from src\main\AndroidManifest.xml:15:3-51
	android:name
		ADDED from src\main\AndroidManifest.xml:15:13-39
activity#dk.nindroid.rss.settings.ManageFeeds
ADDED from src\main\AndroidManifest.xml:16:3-61
	android:name
		ADDED from src\main\AndroidManifest.xml:16:13-49
activity#dk.nindroid.rss.settings.DirectoryBrowser
ADDED from src\main\AndroidManifest.xml:17:3-66
	android:name
		ADDED from src\main\AndroidManifest.xml:17:13-54
activity#dk.nindroid.rss.settings.SourceSelectorFragmentActivity
ADDED from src\main\AndroidManifest.xml:18:3-80
	android:name
		ADDED from src\main\AndroidManifest.xml:18:13-68
activity#dk.nindroid.rss.settings.FlickrBrowser$AlbumActivity
ADDED from src\main\AndroidManifest.xml:19:3-77
	android:name
		ADDED from src\main\AndroidManifest.xml:19:13-65
activity#dk.nindroid.rss.settings.PicasaBrowser
ADDED from src\main\AndroidManifest.xml:20:3-63
	android:name
		ADDED from src\main\AndroidManifest.xml:20:13-51
activity#dk.nindroid.rss.parser.facebook.FacebookAuth
ADDED from src\main\AndroidManifest.xml:21:3-28:14
	android:name
		ADDED from src\main\AndroidManifest.xml:21:13-57
intent-filter#android.intent.action.VIEW+android.intent.category.BROWSABLE+android.intent.category.DEFAULT
ADDED from src\main\AndroidManifest.xml:22:4-27:20
action#android.intent.action.VIEW
ADDED from src\main\AndroidManifest.xml:23:6-58
	android:name
		ADDED from src\main\AndroidManifest.xml:23:14-55
category#android.intent.category.BROWSABLE
ADDED from src\main\AndroidManifest.xml:25:12-73
	android:name
		ADDED from src\main\AndroidManifest.xml:25:22-70
data
ADDED from src\main\AndroidManifest.xml:26:12-50
	android:scheme
		ADDED from src\main\AndroidManifest.xml:26:18-48
activity#dk.nindroid.rss.settings.FacebookBrowser$SubActivity
ADDED from src\main\AndroidManifest.xml:29:3-30:14
	android:name
		ADDED from src\main\AndroidManifest.xml:29:13-65
activity#dk.nindroid.rss.parser.facebook.WebAuth
ADDED from src\main\AndroidManifest.xml:31:3-64
	android:name
		ADDED from src\main\AndroidManifest.xml:31:13-52
activity#dk.nindroid.rss.parser.facebook.FacebookAlbumBrowser
ADDED from src\main\AndroidManifest.xml:32:3-77
	android:name
		ADDED from src\main\AndroidManifest.xml:32:13-65
activity#dk.nindroid.rss.parser.facebook.FacebookFriendsBrowser
ADDED from src\main\AndroidManifest.xml:33:3-79
	android:name
		ADDED from src\main\AndroidManifest.xml:33:13-67
activity#dk.nindroid.rss.parser.facebook.FacebookFriendView
ADDED from src\main\AndroidManifest.xml:34:3-75
	android:name
		ADDED from src\main\AndroidManifest.xml:34:13-63
activity#dk.nindroid.rss.flickr.WebAuth
ADDED from src\main\AndroidManifest.xml:35:3-55
	android:name
		ADDED from src\main\AndroidManifest.xml:35:13-43
activity#dk.nindroid.rss.parser.flickr.FlickrAlbumBrowser
ADDED from src\main\AndroidManifest.xml:36:3-73
	android:name
		ADDED from src\main\AndroidManifest.xml:36:13-61
activity#dk.nindroid.rss.parser.picasa.PicasaWebAuth
ADDED from src\main\AndroidManifest.xml:37:3-68
	android:name
		ADDED from src\main\AndroidManifest.xml:37:13-56
activity#dk.nindroid.rss.parser.picasa.PicasaAlbumBrowser
ADDED from src\main\AndroidManifest.xml:38:3-73
	android:name
		ADDED from src\main\AndroidManifest.xml:38:13-61
activity#dk.nindroid.rss.settings.PicasaBrowser$UserActivity
ADDED from src\main\AndroidManifest.xml:39:3-76
	android:name
		ADDED from src\main\AndroidManifest.xml:39:13-64
activity#dk.nindroid.rss.settings.About
ADDED from src\main\AndroidManifest.xml:40:3-99
	android:theme
		ADDED from src\main\AndroidManifest.xml:40:44-87
	android:name
		ADDED from src\main\AndroidManifest.xml:40:13-43
activity#dk.nindroid.rss.menu.WallpaperSettings
ADDED from src\main\AndroidManifest.xml:41:3-78
	android:exported
		ADDED from src\main\AndroidManifest.xml:41:52-75
	android:name
		ADDED from src\main\AndroidManifest.xml:41:13-51
activity#dk.nindroid.rss.menu.ApplicationFeedManagerLauncher
ADDED from src\main\AndroidManifest.xml:42:3-76
	android:name
		ADDED from src\main\AndroidManifest.xml:42:13-64
activity#dk.nindroid.rss.menu.WallpaperFeedManagerLauncher
ADDED from src\main\AndroidManifest.xml:43:3-74
	android:name
		ADDED from src\main\AndroidManifest.xml:43:13-62
service#dk.nindroid.rss.Wallpaper
ADDED from src\main\AndroidManifest.xml:45:3-52:13
	android:label
		ADDED from src\main\AndroidManifest.xml:46:6-36
	android:permission
		ADDED from src\main\AndroidManifest.xml:47:6-60
	android:name
		ADDED from src\main\AndroidManifest.xml:45:12-37
intent-filter#android.service.wallpaper.WallpaperService
ADDED from src\main\AndroidManifest.xml:48:6-50:22
action#android.service.wallpaper.WallpaperService
ADDED from src\main\AndroidManifest.xml:49:7-75
	android:name
		ADDED from src\main\AndroidManifest.xml:49:15-72
meta-data#android.service.wallpaper
ADDED from src\main\AndroidManifest.xml:51:6-94
	android:resource
		ADDED from src\main\AndroidManifest.xml:51:58-91
	android:name
		ADDED from src\main\AndroidManifest.xml:51:17-57
activity#dk.nindroid.rss.settings.PhotobucketBrowser
ADDED from src\main\AndroidManifest.xml:53:3-68
	android:name
		ADDED from src\main\AndroidManifest.xml:53:13-56
activity#dk.nindroid.rss.settings.PhotobucketBrowser$ShowUserActivity
ADDED from src\main\AndroidManifest.xml:54:3-85
	android:name
		ADDED from src\main\AndroidManifest.xml:54:13-73
activity#dk.nindroid.rss.settings.SourceSelector$SourceActivity
ADDED from src\main\AndroidManifest.xml:55:3-79
	android:name
		ADDED from src\main\AndroidManifest.xml:55:13-67
activity#dk.nindroid.rss.settings.PicasaBrowser$AlbumActivity
ADDED from src\main\AndroidManifest.xml:56:3-77
	android:name
		ADDED from src\main\AndroidManifest.xml:56:13-65
activity#dk.nindroid.rss.parser.facebook.FacebookFriendsBrowser$SubActivity
ADDED from src\main\AndroidManifest.xml:57:3-91
	android:name
		ADDED from src\main\AndroidManifest.xml:57:13-79
activity#dk.nindroid.rss.parser.facebook.FacebookFriendView$SubActivity
ADDED from src\main\AndroidManifest.xml:58:3-87
	android:name
		ADDED from src\main\AndroidManifest.xml:58:13-75
activity#dk.nindroid.rss.menu.LiveWallpaperLauncher
ADDED from src\main\AndroidManifest.xml:59:3-67
	android:name
		ADDED from src\main\AndroidManifest.xml:59:13-55
activity#dk.nindroid.rss.parser.picasa.PicasaUserView$AlbumActivity
ADDED from src\main\AndroidManifest.xml:60:3-83
	android:name
		ADDED from src\main\AndroidManifest.xml:60:13-71
activity#dk.nindroid.rss.settings.FeedSettings
ADDED from src\main\AndroidManifest.xml:61:3-62
	android:name
		ADDED from src\main\AndroidManifest.xml:61:13-50
activity#dk.nindroid.rss.GalleryActivity
ADDED from src\main\AndroidManifest.xml:63:3-68:14
	android:label
		ADDED from src\main\AndroidManifest.xml:63:44-76
	android:icon
		ADDED from src\main\AndroidManifest.xml:63:117-154
	android:taskAffinity
		ADDED from src\main\AndroidManifest.xml:63:77-116
	android:name
		ADDED from src\main\AndroidManifest.xml:63:13-43
intent-filter#android.intent.action.MAIN+android.intent.category.LAUNCHER
ADDED from src\main\AndroidManifest.xml:64:4-67:20
activity#dk.nindroid.rss.menu.GallerySettings
ADDED from src\main\AndroidManifest.xml:70:3-61
	android:name
		ADDED from src\main\AndroidManifest.xml:70:13-49
activity#dk.nindroid.rss.menu.GalleryFeedManagerLauncher
ADDED from src\main\AndroidManifest.xml:71:3-72
	android:name
		ADDED from src\main\AndroidManifest.xml:71:13-60
activity#dk.nindroid.rss.GalleryImageLauncher
ADDED from src\main\AndroidManifest.xml:72:3-81:14
	android:label
		ADDED from src\main\AndroidManifest.xml:72:50-82
	android:icon
		ADDED from src\main\AndroidManifest.xml:72:123-160
	android:taskAffinity
		ADDED from src\main\AndroidManifest.xml:72:83-122
	android:name
		ADDED from src\main\AndroidManifest.xml:72:13-49
intent-filter#android.intent.action.VIEW+android.intent.category.DEFAULT+com.cooliris.media.action.REVIEW
ADDED from src\main\AndroidManifest.xml:73:4-80:20
action#com.cooliris.media.action.REVIEW
ADDED from src\main\AndroidManifest.xml:75:6-64
	android:name
		ADDED from src\main\AndroidManifest.xml:75:14-61
activity#dk.nindroid.rss.settings.FiveHundredPxBrowser$DiscoverActivity
ADDED from src\main\AndroidManifest.xml:84:3-87
	android:name
		ADDED from src\main\AndroidManifest.xml:84:13-75
activity#dk.nindroid.rss.settings.FiveHundredPxBrowser$CategoryActivity
ADDED from src\main\AndroidManifest.xml:85:3-87
	android:name
		ADDED from src\main\AndroidManifest.xml:85:13-75
activity#dk.nindroid.rss.menu.SaveChooser
ADDED from src\main\AndroidManifest.xml:86:3-57
	android:name
		ADDED from src\main\AndroidManifest.xml:86:13-45
activity#dk.nindroid.rss.DockListener
ADDED from src\main\AndroidManifest.xml:87:3-91:14
	android:name
		ADDED from src\main\AndroidManifest.xml:87:13-41
category#android.intent.category.DESK_DOCK
ADDED from src\main\AndroidManifest.xml:89:4-65
	android:name
		ADDED from src\main\AndroidManifest.xml:89:14-62
receiver#dk.nindroid.rss.DockBroadcastReceiver
ADDED from src\main\AndroidManifest.xml:92:3-96:14
	android:label
		ADDED from src\main\AndroidManifest.xml:92:51-83
	android:name
		ADDED from src\main\AndroidManifest.xml:92:13-50
intent-filter#android.intent.action.ACTION_POWER_CONNECTED
ADDED from src\main\AndroidManifest.xml:93:4-95:20
action#android.intent.action.ACTION_POWER_CONNECTED
ADDED from src\main\AndroidManifest.xml:94:5-82
	android:name
		ADDED from src\main\AndroidManifest.xml:94:13-72
activity#dk.nindroid.rss.settings.ClockSettings
ADDED from src\main\AndroidManifest.xml:97:3-63
	android:name
		ADDED from src\main\AndroidManifest.xml:97:13-51
activity#dk.nindroid.rss.menu.ApplicationClockSettingsLauncher
ADDED from src\main\AndroidManifest.xml:98:3-78
	android:name
		ADDED from src\main\AndroidManifest.xml:98:13-66
activity#dk.nindroid.rss.menu.GalleryClockSettingsLauncher
ADDED from src\main\AndroidManifest.xml:99:3-74
	android:name
		ADDED from src\main\AndroidManifest.xml:99:13-62
activity#dk.nindroid.rss.menu.WallpaperClockSettingsLauncher
ADDED from src\main\AndroidManifest.xml:100:3-76
	android:name
		ADDED from src\main\AndroidManifest.xml:100:13-64
service#org.fourthline.cling.android.AndroidUpnpServiceImpl
ADDED from src\main\AndroidManifest.xml:101:3-80
	android:name
		ADDED from src\main\AndroidManifest.xml:101:12-78
uses-sdk
ADDED from src\main\AndroidManifest.xml:103:5-73
	android:targetSdkVersion
		ADDED from src\main\AndroidManifest.xml:103:42-71
		INJECTED from src\main\AndroidManifest.xml
		INJECTED from src\main\AndroidManifest.xml
	android:minSdkVersion
		ADDED from src\main\AndroidManifest.xml:103:15-41
		INJECTED from src\main\AndroidManifest.xml
		INJECTED from src\main\AndroidManifest.xml
uses-permission#android.permission.VIBRATE
ADDED from src\main\AndroidManifest.xml:104:2-79
	android:name
		ADDED from src\main\AndroidManifest.xml:104:19-60
uses-permission#android.permission.WAKE_LOCK
ADDED from src\main\AndroidManifest.xml:105:2-81
	android:name
		ADDED from src\main\AndroidManifest.xml:105:19-62
uses-permission#android.permission.SET_WALLPAPER
ADDED from src\main\AndroidManifest.xml:106:2-85
	android:name
		ADDED from src\main\AndroidManifest.xml:106:19-66
uses-permission#android.permission.WRITE_EXTERNAL_STORAGE
ADDED from src\main\AndroidManifest.xml:107:2-94
	android:name
		ADDED from src\main\AndroidManifest.xml:107:19-75
uses-permission#android.permission.WRITE_SETTINGS
ADDED from src\main\AndroidManifest.xml:108:2-86
	android:name
		ADDED from src\main\AndroidManifest.xml:108:19-67
uses-permission#android.permission.BIND_WALLPAPER
ADDED from src\main\AndroidManifest.xml:109:2-86
	android:name
		ADDED from src\main\AndroidManifest.xml:109:19-67
uses-permission#android.permission.INTERNET
ADDED from src\main\AndroidManifest.xml:110:2-64
	android:name
		ADDED from src\main\AndroidManifest.xml:110:19-61
uses-permission#android.permission.ACCESS_WIFI_STATE
ADDED from src\main\AndroidManifest.xml:111:2-72
	android:name
		ADDED from src\main\AndroidManifest.xml:111:19-70
uses-permission#android.permission.CHANGE_WIFI_MULTICAST_STATE
ADDED from src\main\AndroidManifest.xml:112:2-82
	android:name
		ADDED from src\main\AndroidManifest.xml:112:19-80
uses-permission#android.permission.ACCESS_NETWORK_STATE
ADDED from src\main\AndroidManifest.xml:113:2-75
	android:name
		ADDED from src\main\AndroidManifest.xml:113:19-73
uses-feature#android.hardware.touchscreen
ADDED from src\main\AndroidManifest.xml:114:2-86
	android:required
		ADDED from src\main\AndroidManifest.xml:114:60-84
	android:name
		ADDED from src\main\AndroidManifest.xml:114:16-59
supports-screens
ADDED from src\main\AndroidManifest.xml:116:2-121:34
	android:largeScreens
		ADDED from src\main\AndroidManifest.xml:117:3-30
	android:smallScreens
		ADDED from src\main\AndroidManifest.xml:120:3-30
	android:normalScreens
		ADDED from src\main\AndroidManifest.xml:119:3-31
	android:xlargeScreens
		ADDED from src\main\AndroidManifest.xml:121:3-31
	android:anyDensity
		ADDED from src\main\AndroidManifest.xml:118:3-28